30/01/2017 14:39:07.394  - Info - Iniciando Log
30/01/2017 14:39:07.400  - Info - Recebendo...
30/01/2017 14:39:07.407  - Info - Mensagem recebida: 30-39-2017 14:39:07 371 - e3e233eb-ac8c-4c40-9b86-fc87408b9566
30/01/2017 14:39:07.411  - Info - 
Cliente notificado sobre recebimento.
30/01/2017 14:39:11.262  - Info - Recebendo...
30/01/2017 14:39:11.283  - Info - Mensagem recebida: 30-39-2017 14:39:11 255 - 1bdd7a83-e298-484f-92a7-2a9c97c8ecf0
30/01/2017 14:39:11.291  - Info - 
Cliente notificado sobre recebimento.
30/01/2017 14:39:13.300  - Info - Recebendo...
30/01/2017 14:39:13.308  - Info - Mensagem recebida: 30-39-2017 14:39:13 296 - f36b4d5e-9cf5-4672-b5da-15e896dc5f20
30/01/2017 14:39:13.311  - Info - 
Cliente notificado sobre recebimento.
30/01/2017 14:39:15.323  - Info - Recebendo...
30/01/2017 14:39:15.330  - Info - Mensagem recebida: 30-39-2017 14:39:15 318 - b10819c2-7db8-4d0c-9672-0645e37eac16
30/01/2017 14:39:15.336  - Info - 
Cliente notificado sobre recebimento.
30/01/2017 14:39:17.378  - Info - Recebendo...
30/01/2017 14:39:17.383  - Info - Mensagem recebida: 30-39-2017 14:39:17 374 - 4fdef892-44ad-4b5e-ab26-2074ea9ef689
30/01/2017 14:39:17.388  - Info - 
Cliente notificado sobre recebimento.
30/01/2017 14:39:19.417  - Info - Recebendo...
30/01/2017 14:39:19.427  - Info - Mensagem recebida: 30-39-2017 14:39:19 394 - d4615611-7bf2-481e-8036-ce7b6338bc81
30/01/2017 14:39:19.436  - Info - 
Cliente notificado sobre recebimento.
30/01/2017 14:39:21.448  - Info - Recebendo...
30/01/2017 14:39:21.510  - Info - Mensagem recebida: 30-39-2017 14:39:21 441 - f9e54707-c21c-4efa-845d-2ba29cd9d6a4
30/01/2017 14:39:21.518  - Info - 
Cliente notificado sobre recebimento.
