30/01/2017 14:57:54.096  - Info - Iniciando Log
30/01/2017 14:57:54.105  - Info - Connecting.....
30/01/2017 14:57:54.616  - Info - Connected
30/01/2017 14:57:56.473  - Info - Transmitting.....
30/01/2017 14:57:57.600  - Info - Mensagem recebida pelo servidor em: 14:57:57.6005

30/01/2017 14:58:22.265  - Info - Transmitting.....
30/01/2017 14:58:22.300  - Info - Mensagem recebida pelo servidor em: 14:58:22.3005

30/01/2017 14:58:24.305  - Info - Transmitting.....
30/01/2017 14:58:24.319  - Info - Mensagem recebida pelo servidor em: 14:58:24.3182

30/01/2017 14:58:26.324  - Info - Transmitting.....
30/01/2017 14:58:26.340  - Info - Mensagem recebida pelo servidor em: 14:58:26.3401

30/01/2017 14:58:28.348  - Info - Transmitting.....
30/01/2017 14:58:28.448  - Info - Mensagem recebida pelo servidor em: 14:58:28.4483

30/01/2017 14:58:30.453  - Info - Transmitting.....
30/01/2017 14:58:30.472  - Info - Mensagem recebida pelo servidor em: 14:58:30.4725

30/01/2017 14:58:32.488  - Info - Transmitting.....
30/01/2017 14:58:32.501  - Info - Mensagem recebida pelo servidor em: 14:58:32.5019

30/01/2017 14:58:34.508  - Info - Transmitting.....
30/01/2017 14:58:34.523  - Info - Mensagem recebida pelo servidor em: 14:58:34.5231

30/01/2017 14:58:36.530  - Info - Transmitting.....
30/01/2017 14:58:36.543  - Info - Mensagem recebida pelo servidor em: 14:58:36.5433

30/01/2017 14:58:38.549  - Info - Transmitting.....
30/01/2017 14:58:38.566  - Info - Mensagem recebida pelo servidor em: 14:58:38.5665

30/01/2017 14:58:40.574  - Info - Transmitting.....
30/01/2017 14:58:40.589  - Info - Mensagem recebida pelo servidor em: 14:58:40.5897

30/01/2017 14:58:42.597  - Info - Transmitting.....
30/01/2017 14:58:42.612  - Info - Mensagem recebida pelo servidor em: 14:58:42.6129

30/01/2017 14:58:44.620  - Info - Transmitting.....
30/01/2017 14:58:44.637  - Info - Mensagem recebida pelo servidor em: 14:58:44.6371

30/01/2017 14:58:46.643  - Info - Transmitting.....
30/01/2017 14:58:46.666  - Info - Mensagem recebida pelo servidor em: 14:58:46.6663

30/01/2017 14:58:48.673  - Info - Transmitting.....
30/01/2017 14:58:48.692  - Info - Mensagem recebida pelo servidor em: 14:58:48.6925

30/01/2017 14:58:50.698  - Info - Transmitting.....
30/01/2017 14:58:50.716  - Info - Mensagem recebida pelo servidor em: 14:58:50.7167

30/01/2017 14:58:52.723  - Info - Transmitting.....
30/01/2017 14:58:52.757  - Info - Mensagem recebida pelo servidor em: 14:58:52.7579

30/01/2017 14:58:54.792  - Info - Transmitting.....
30/01/2017 14:58:54.809  - Info - Mensagem recebida pelo servidor em: 14:58:54.8091

30/01/2017 14:58:56.816  - Info - Transmitting.....
30/01/2017 14:58:56.830  - Info - Mensagem recebida pelo servidor em: 14:58:56.8303

30/01/2017 14:58:58.836  - Info - Transmitting.....
30/01/2017 14:58:58.850  - Info - Mensagem recebida pelo servidor em: 14:58:58.8505

30/01/2017 14:59:00.855  - Info - Transmitting.....
30/01/2017 14:59:00.869  - Info - Mensagem recebida pelo servidor em: 14:59:00.8697

30/01/2017 14:59:02.876  - Info - Transmitting.....
30/01/2017 14:59:02.925  - Info - Mensagem recebida pelo servidor em: 14:59:02.9259

30/01/2017 14:59:04.932  - Info - Transmitting.....
30/01/2017 14:59:04.950  - Info - Mensagem recebida pelo servidor em: 14:59:04.9500

30/01/2017 14:59:06.957  - Info - Transmitting.....
30/01/2017 14:59:06.977  - Info - Mensagem recebida pelo servidor em: 14:59:06.9772

30/01/2017 14:59:08.982  - Info - Transmitting.....
30/01/2017 14:59:08.998  - Info - Mensagem recebida pelo servidor em: 14:59:08.9984

30/01/2017 14:59:11.004  - Info - Transmitting.....
30/01/2017 14:59:11.021  - Info - Mensagem recebida pelo servidor em: 14:59:11.0216

30/01/2017 14:59:13.097  - Info - Transmitting.....
30/01/2017 14:59:13.112  - Info - Mensagem recebida pelo servidor em: 14:59:13.1118

30/01/2017 14:59:15.172  - Info - Transmitting.....
30/01/2017 14:59:15.190  - Info - Mensagem recebida pelo servidor em: 14:59:15.1900

30/01/2017 14:59:17.195  - Info - Transmitting.....
30/01/2017 14:59:17.212  - Info - Mensagem recebida pelo servidor em: 14:59:17.2122

30/01/2017 14:59:19.219  - Info - Transmitting.....
30/01/2017 14:59:19.250  - Info - Mensagem recebida pelo servidor em: 14:59:19.2503

30/01/2017 14:59:21.258  - Info - Transmitting.....
30/01/2017 14:59:21.283  - Info - Mensagem recebida pelo servidor em: 14:59:21.2825

