30/01/2017 14:59:39.035  - Info - Iniciando Log
30/01/2017 14:59:39.044  - Info - Connecting.....
30/01/2017 14:59:39.549  - Info - Connected
30/01/2017 14:59:39.559  - Info - Transmitting.....
30/01/2017 14:59:39.604  - Info - Mensagem recebida pelo servidor em: 14:59:39.6049

30/01/2017 14:59:41.620  - Info - Transmitting.....
30/01/2017 14:59:41.637  - Info - Mensagem recebida pelo servidor em: 14:59:41.6371

30/01/2017 14:59:43.642  - Info - Transmitting.....
30/01/2017 14:59:43.658  - Info - Mensagem recebida pelo servidor em: 14:59:43.6583

30/01/2017 14:59:45.665  - Info - Transmitting.....
30/01/2017 14:59:45.694  - Info - Mensagem recebida pelo servidor em: 14:59:45.6945

30/01/2017 14:59:47.704  - Info - Transmitting.....
30/01/2017 14:59:47.720  - Info - Mensagem recebida pelo servidor em: 14:59:47.7207

30/01/2017 14:59:49.726  - Info - Transmitting.....
30/01/2017 14:59:49.742  - Info - Mensagem recebida pelo servidor em: 14:59:49.7429

30/01/2017 14:59:51.749  - Info - Transmitting.....
30/01/2017 14:59:51.783  - Info - Mensagem recebida pelo servidor em: 14:59:51.7831

30/01/2017 14:59:53.792  - Info - Transmitting.....
30/01/2017 14:59:53.810  - Info - Mensagem recebida pelo servidor em: 14:59:53.8103

30/01/2017 14:59:55.817  - Info - Transmitting.....
30/01/2017 14:59:55.834  - Info - Mensagem recebida pelo servidor em: 14:59:55.8345

30/01/2017 14:59:57.840  - Info - Transmitting.....
30/01/2017 14:59:57.856  - Info - Mensagem recebida pelo servidor em: 14:59:57.8557

30/01/2017 14:59:59.864  - Info - Transmitting.....
30/01/2017 14:59:59.885  - Info - Mensagem recebida pelo servidor em: 14:59:59.8859

30/01/2017 15:00:01.891  - Info - Transmitting.....
30/01/2017 15:00:01.918  - Info - Mensagem recebida pelo servidor em: 15:00:01.9181

30/01/2017 15:00:03.924  - Info - Transmitting.....
30/01/2017 15:00:03.964  - Info - Mensagem recebida pelo servidor em: 15:00:03.9643

30/01/2017 15:00:05.973  - Info - Transmitting.....
30/01/2017 15:00:05.987  - Info - Mensagem recebida pelo servidor em: 15:00:05.9875

30/01/2017 15:00:07.993  - Info - Transmitting.....
30/01/2017 15:00:08.023  - Info - Mensagem recebida pelo servidor em: 15:00:08.0227

30/01/2017 15:00:10.030  - Info - Transmitting.....
30/01/2017 15:00:10.045  - Info - Mensagem recebida pelo servidor em: 15:00:10.0459

30/01/2017 15:00:12.065  - Info - Transmitting.....
30/01/2017 15:00:12.081  - Info - Mensagem recebida pelo servidor em: 15:00:12.0810

30/01/2017 15:00:14.088  - Info - Transmitting.....
30/01/2017 15:00:14.102  - Info - Mensagem recebida pelo servidor em: 15:00:14.1022

30/01/2017 15:00:16.108  - Info - Transmitting.....
30/01/2017 15:00:16.124  - Info - Mensagem recebida pelo servidor em: 15:00:16.1244

30/01/2017 15:00:18.130  - Info - Transmitting.....
30/01/2017 15:00:18.146  - Info - Mensagem recebida pelo servidor em: 15:00:18.1466

30/01/2017 15:00:20.152  - Info - Transmitting.....
30/01/2017 15:00:20.168  - Info - Mensagem recebida pelo servidor em: 15:00:20.1684

30/01/2017 15:00:22.173  - Info - Transmitting.....
30/01/2017 15:00:22.188  - Info - Mensagem recebida pelo servidor em: 15:00:22.1886

30/01/2017 15:00:24.195  - Info - Transmitting.....
30/01/2017 15:00:24.219  - Info - Mensagem recebida pelo servidor em: 15:00:24.2198

30/01/2017 15:00:26.240  - Info - Transmitting.....
30/01/2017 15:00:26.259  - Info - Mensagem recebida pelo servidor em: 15:00:26.2590

30/01/2017 15:00:28.315  - Info - Transmitting.....
30/01/2017 15:00:28.330  - Info - Mensagem recebida pelo servidor em: 15:00:28.3302

30/01/2017 15:00:30.335  - Info - Transmitting.....
30/01/2017 15:00:30.373  - Info - Mensagem recebida pelo servidor em: 15:00:30.3733

30/01/2017 15:00:32.378  - Info - Transmitting.....
30/01/2017 15:00:32.394  - Info - Mensagem recebida pelo servidor em: 15:00:32.3945

30/01/2017 15:00:34.402  - Info - Transmitting.....
30/01/2017 15:00:34.422  - Info - Mensagem recebida pelo servidor em: 15:00:34.4226

30/01/2017 15:00:36.428  - Info - Transmitting.....
30/01/2017 15:00:36.444  - Info - Mensagem recebida pelo servidor em: 15:00:36.4446

30/01/2017 15:00:38.451  - Info - Transmitting.....
30/01/2017 15:00:38.472  - Info - Mensagem recebida pelo servidor em: 15:00:38.4728

30/01/2017 15:00:40.484  - Info - Transmitting.....
30/01/2017 15:00:40.511  - Info - Mensagem recebida pelo servidor em: 15:00:40.5110

30/01/2017 15:00:42.520  - Info - Transmitting.....
30/01/2017 15:00:42.535  - Info - Mensagem recebida pelo servidor em: 15:00:42.5358

30/01/2017 15:00:44.542  - Info - Transmitting.....
30/01/2017 15:00:44.559  - Info - Mensagem recebida pelo servidor em: 15:00:44.5584

