30/01/2017 14:45:27.964  - Info - Iniciando Log
30/01/2017 14:45:27.971  - Info - Connecting.....
30/01/2017 14:45:28.498  - Info - Connected
30/01/2017 14:45:28.506  - Info - Transmitting.....
30/01/2017 14:45:28.531  - Info - Mensagem recebida pelo servidor em: 14:45:28.5317

30/01/2017 14:45:30.536  - Info - Transmitting.....
30/01/2017 14:45:30.572  - Info - Mensagem recebida pelo servidor em: 14:45:30.5727

30/01/2017 14:45:32.580  - Info - Transmitting.....
30/01/2017 14:45:32.595  - Info - Mensagem recebida pelo servidor em: 14:45:32.5957

30/01/2017 14:45:34.602  - Info - Transmitting.....
30/01/2017 14:45:34.617  - Info - Mensagem recebida pelo servidor em: 14:45:34.6177

30/01/2017 14:45:36.626  - Info - Transmitting.....
30/01/2017 14:45:36.645  - Info - Mensagem recebida pelo servidor em: 14:45:36.6447

30/01/2017 14:45:38.651  - Info - Transmitting.....
30/01/2017 14:45:38.667  - Info - Mensagem recebida pelo servidor em: 14:45:38.6677

30/01/2017 14:45:40.673  - Info - Transmitting.....
30/01/2017 14:45:40.704  - Info - Mensagem recebida pelo servidor em: 14:45:40.7048

30/01/2017 14:45:42.713  - Info - Transmitting.....
30/01/2017 14:45:42.786  - Info - Mensagem recebida pelo servidor em: 14:45:42.7868

30/01/2017 14:45:44.792  - Info - Transmitting.....
30/01/2017 14:45:44.812  - Info - Mensagem recebida pelo servidor em: 14:45:44.8128

30/01/2017 14:45:46.824  - Info - Transmitting.....
30/01/2017 14:45:46.842  - Info - Mensagem recebida pelo servidor em: 14:45:46.8428

30/01/2017 14:45:48.848  - Info - Transmitting.....
30/01/2017 14:45:48.964  - Info - Mensagem recebida pelo servidor em: 14:45:48.9648

