30/01/2017 14:40:06.310  - Info - Iniciando Log
30/01/2017 14:40:06.320  - Info - Recebendo...
30/01/2017 14:40:06.326  - Info - Mensagem recebida: 30-40-2017 14:40:04 335 - ffd7e879-3ae5-41c3-81c8-214b7bfcade8
30/01/2017 14:40:06.332  - Info - 
Cliente notificado sobre recebimento.
30/01/2017 14:40:14.101  - Info - Recebendo...
30/01/2017 14:40:14.106  - Info - Mensagem recebida: 30-40-2017 14:40:14 095 - 43481a52-0cc3-4d80-aa40-9bcf3be859d1
30/01/2017 14:40:14.114  - Info - 
Cliente notificado sobre recebimento.
30/01/2017 14:40:19.238  - Info - Recebendo...
30/01/2017 14:40:19.249  - Info - Mensagem recebida: 30-40-2017 14:40:19 221 - 46d709cc-68f6-4364-b6a8-21326232c17d
30/01/2017 14:40:19.264  - Info - 
Cliente notificado sobre recebimento.
30/01/2017 14:40:22.303  - Info - Recebendo...
30/01/2017 14:40:22.312  - Info - Mensagem recebida: 30-40-2017 14:40:22 261 - 2ad9db6c-f7a0-4f89-8aec-65cdfbb57eb3
30/01/2017 14:40:22.322  - Info - 
Cliente notificado sobre recebimento.
30/01/2017 14:40:25.126  - Info - Recebendo...
30/01/2017 14:40:25.131  - Info - Mensagem recebida: 30-40-2017 14:40:25 114 - 15d9d3fe-4965-41ac-8f1a-3d590ba81703
30/01/2017 14:40:25.140  - Info - 
Cliente notificado sobre recebimento.
30/01/2017 14:40:28.752  - Info - Recebendo...
30/01/2017 14:40:28.756  - Info - Mensagem recebida: 30-40-2017 14:40:28 745 - 2d13f92f-a6f5-4517-bb89-41efef057e11
30/01/2017 14:40:28.769  - Info - 
Cliente notificado sobre recebimento.
30/01/2017 14:40:33.149  - Info - Recebendo...
30/01/2017 14:40:33.154  - Info - Mensagem recebida: 30-40-2017 14:40:33 139 - f9f55564-de0c-4ff6-9f23-9e6b9a3a262d
30/01/2017 14:40:33.162  - Info - 
Cliente notificado sobre recebimento.
30/01/2017 14:40:35.194  - Info - Recebendo...
30/01/2017 14:40:35.204  - Info - Mensagem recebida: 30-40-2017 14:40:35 173 - cc2d06c0-59bb-4d73-8fa1-ff4e2bf1d98f
30/01/2017 14:40:35.212  - Info - 
Cliente notificado sobre recebimento.
30/01/2017 14:40:37.224  - Info - Recebendo...
30/01/2017 14:40:37.255  - Info - Mensagem recebida: 30-40-2017 14:40:37 219 - 638a4df9-4ef8-46b1-8061-3e30b0f8853c
30/01/2017 14:40:37.259  - Info - 
Cliente notificado sobre recebimento.
30/01/2017 14:40:39.285  - Info - Recebendo...
30/01/2017 14:40:39.291  - Info - Mensagem recebida: 30-40-2017 14:40:39 265 - a0c2cee4-161a-47fc-82a2-a74d50a7696a
30/01/2017 14:40:39.301  - Info - 
Cliente notificado sobre recebimento.
30/01/2017 14:40:41.312  - Info - Recebendo...
30/01/2017 14:40:41.317  - Info - Mensagem recebida: 30-40-2017 14:40:41 308 - 353895f8-6559-4bee-bb03-8c0b6ad8bb77
30/01/2017 14:40:41.322  - Info - 
Cliente notificado sobre recebimento.
30/01/2017 14:40:43.332  - Info - Recebendo...
30/01/2017 14:40:43.336  - Info - Mensagem recebida: 30-40-2017 14:40:43 327 - 6f421273-9962-47bc-b1fc-326d32753712
30/01/2017 14:40:43.342  - Info - 
Cliente notificado sobre recebimento.
30/01/2017 14:40:45.356  - Info - Recebendo...
30/01/2017 14:40:45.361  - Info - Mensagem recebida: 30-40-2017 14:40:45 348 - e7f3e357-0cb6-4b36-a658-8eb5f3174ba9
30/01/2017 14:40:45.368  - Info - 
Cliente notificado sobre recebimento.
30/01/2017 14:40:47.378  - Info - Recebendo...
30/01/2017 14:40:47.383  - Info - Mensagem recebida: 30-40-2017 14:40:47 374 - d371e5b7-3801-43f5-940d-6374d6335052
30/01/2017 14:40:47.387  - Info - 
Cliente notificado sobre recebimento.
30/01/2017 14:40:49.397  - Info - Recebendo...
30/01/2017 14:40:49.404  - Info - Mensagem recebida: 30-40-2017 14:40:49 391 - 72ef4d2c-912b-407a-b7bd-ed285207c64f
30/01/2017 14:40:49.412  - Info - 
Cliente notificado sobre recebimento.
30/01/2017 14:40:51.437  - Info - Recebendo...
30/01/2017 14:40:51.448  - Info - Mensagem recebida: 30-40-2017 14:40:51 421 - 724e57c3-ecd5-492c-98ec-d204ade8cb5c
30/01/2017 14:40:51.457  - Info - 
Cliente notificado sobre recebimento.
30/01/2017 14:40:53.468  - Info - Recebendo...
30/01/2017 14:40:53.491  - Info - Mensagem recebida: 30-40-2017 14:40:53 464 - e6e367db-89d5-44e2-aa3f-7cbc91856023
30/01/2017 14:40:53.499  - Info - 
Cliente notificado sobre recebimento.
30/01/2017 14:40:55.509  - Info - Recebendo...
30/01/2017 14:40:55.515  - Info - Mensagem recebida: 30-40-2017 14:40:55 505 - cceada0c-247b-4c95-ad49-db6611c596e9
30/01/2017 14:40:55.522  - Info - 
Cliente notificado sobre recebimento.
30/01/2017 14:40:57.534  - Info - Recebendo...
30/01/2017 14:40:57.539  - Info - Mensagem recebida: 30-40-2017 14:40:57 531 - 31707e61-f57a-43ac-9ad3-a13b95c90152
30/01/2017 14:40:57.544  - Info - 
Cliente notificado sobre recebimento.
30/01/2017 14:40:59.554  - Info - Recebendo...
30/01/2017 14:40:59.560  - Info - Mensagem recebida: 30-40-2017 14:40:59 550 - 12024bf1-9632-4d16-8b5c-9ddc3deada5d
30/01/2017 14:40:59.566  - Info - 
Cliente notificado sobre recebimento.
30/01/2017 14:41:01.579  - Info - Recebendo...
30/01/2017 14:41:01.584  - Info - Mensagem recebida: 30-41-2017 14:41:01 572 - e2bbafec-d377-4008-9a1a-8f41f89cede4
30/01/2017 14:41:01.588  - Info - 
Cliente notificado sobre recebimento.
30/01/2017 14:41:03.628  - Info - Recebendo...
30/01/2017 14:41:03.640  - Info - Mensagem recebida: 30-41-2017 14:41:03 622 - c8d43bcb-e5bf-42ba-a76e-b85f5476d818
30/01/2017 14:41:03.645  - Info - 
Cliente notificado sobre recebimento.
30/01/2017 14:41:05.664  - Info - Recebendo...
30/01/2017 14:41:05.677  - Info - Mensagem recebida: 30-41-2017 14:41:05 657 - 60c7dbe8-3a89-4898-8b97-f299d9caaa79
30/01/2017 14:41:05.688  - Info - 
Cliente notificado sobre recebimento.
30/01/2017 14:41:07.735  - Info - Recebendo...
30/01/2017 14:41:07.740  - Info - Mensagem recebida: 30-41-2017 14:41:07 693 - e0fd5169-de3f-4437-ad88-99c782c4cbd5
30/01/2017 14:41:07.757  - Info - 
Cliente notificado sobre recebimento.
30/01/2017 14:41:09.778  - Info - Recebendo...
30/01/2017 14:41:09.783  - Info - Mensagem recebida: 30-41-2017 14:41:09 774 - c971ef2e-2f58-4306-a1cf-5406c4f829d9
30/01/2017 14:41:09.788  - Info - 
Cliente notificado sobre recebimento.
30/01/2017 14:41:11.800  - Info - Recebendo...
30/01/2017 14:41:11.806  - Info - Mensagem recebida: 30-41-2017 14:41:11 793 - 92f87af0-2fc8-40c7-8732-ac5060d38700
30/01/2017 14:41:11.813  - Info - 
Cliente notificado sobre recebimento.
30/01/2017 14:41:13.828  - Info - Recebendo...
30/01/2017 14:41:13.835  - Info - Mensagem recebida: 30-41-2017 14:41:13 824 - 15a10a19-fc0c-419b-8e19-334af579e535
30/01/2017 14:41:13.841  - Info - 
Cliente notificado sobre recebimento.
30/01/2017 14:41:15.853  - Info - Recebendo...
30/01/2017 14:41:15.859  - Info - Mensagem recebida: 30-41-2017 14:41:15 848 - ade076a5-1a2b-4d1c-9975-1601737e6926
30/01/2017 14:41:15.866  - Info - 
Cliente notificado sobre recebimento.
