31/01/2017 08:43:51.950  - Info - Iniciando Log
31/01/2017 08:43:51.955  - Info - Connecting.....
31/01/2017 08:43:52.463  - Info - Connected
31/01/2017 08:43:52.475  - Info - Transmitting.....
31/01/2017 08:43:52.493  - Info - Mensagem recebida pelo servidor em: 08:43:52.4934

31/01/2017 08:43:57.505  - Info - Transmitting.....
31/01/2017 08:43:57.533  - Info - Mensagem recebida pelo servidor em: 08:43:57.5335

31/01/2017 08:44:02.540  - Info - Transmitting.....
31/01/2017 08:44:02.557  - Info - Mensagem recebida pelo servidor em: 08:44:02.5563

31/01/2017 08:44:07.563  - Info - Transmitting.....
31/01/2017 08:44:07.575  - Info - Mensagem recebida pelo servidor em: 08:44:07.5756

31/01/2017 08:44:12.581  - Info - Transmitting.....
31/01/2017 08:44:12.617  - Info - Mensagem recebida pelo servidor em: 08:44:12.6178

31/01/2017 08:44:17.627  - Info - Transmitting.....
31/01/2017 08:44:17.641  - Info - Mensagem recebida pelo servidor em: 08:44:17.6405

31/01/2017 08:44:22.646  - Info - Transmitting.....
31/01/2017 08:44:22.661  - Info - Mensagem recebida pelo servidor em: 08:44:22.6614

31/01/2017 08:44:27.666  - Info - Transmitting.....
31/01/2017 08:44:27.682  - Info - Mensagem recebida pelo servidor em: 08:44:27.6828

31/01/2017 08:44:32.688  - Info - Transmitting.....
31/01/2017 08:44:32.877  - Info - Mensagem recebida pelo servidor em: 08:44:32.8779

31/01/2017 08:44:38.069  - Info - Transmitting.....
31/01/2017 08:44:38.086  - Info - Mensagem recebida pelo servidor em: 08:44:38.0869

31/01/2017 08:44:43.092  - Info - Transmitting.....
31/01/2017 08:44:43.111  - Info - Mensagem recebida pelo servidor em: 08:44:43.1107

31/01/2017 08:44:48.118  - Info - Transmitting.....
31/01/2017 08:44:48.133  - Info - Mensagem recebida pelo servidor em: 08:44:48.1330

31/01/2017 08:44:53.138  - Info - Transmitting.....
31/01/2017 08:44:53.154  - Info - Mensagem recebida pelo servidor em: 08:44:53.1547

31/01/2017 08:44:58.161  - Info - Transmitting.....
31/01/2017 08:44:58.197  - Info - Mensagem recebida pelo servidor em: 08:44:58.1973

